#
# There is insufficient memory for the Java Runtime Environment to continue.
# Native memory allocation (malloc) failed to allocate 1069568 bytes for Chunk::new
# Possible reasons:
#   The system is out of physical RAM or swap space
#   The process is running with CompressedOops enabled, and the Java Heap may be blocking the growth of the native heap
# Possible solutions:
#   Reduce memory load on the system
#   Increase physical memory or swap space
#   Check if swap backing store is full
#   Decrease Java heap size (-Xmx/-Xms)
#   Decrease number of Java threads
#   Decrease Java thread stack sizes (-Xss)
#   Set larger code cache with -XX:ReservedCodeCacheSize=
#   JVM is running with Zero Based Compressed Oops mode in which the Java heap is
#     placed in the first 32GB address space. The Java Heap base address is the
#     maximum limit for the native heap growth. Please use -XX:HeapBaseMinAddress
#     to set the Java Heap base and to place the Java Heap above 32GB virtual address.
# This output file may be truncated or incomplete.
#
#  Out of Memory Error (arena.cpp:189), pid=17336, tid=15436
#
# JRE version: Java(TM) SE Runtime Environment (17.0.8+9) (build 17.0.8+9-LTS-211)
# Java VM: Java HotSpot(TM) 64-Bit Server VM (17.0.8+9-LTS-211, mixed mode, sharing, tiered, compressed oops, compressed class ptrs, g1 gc, windows-amd64)
# No core dump will be written. Minidumps are not enabled by default on client versions of Windows
#

---------------  S U M M A R Y ------------

Command Line: -ea -Didea.test.cyclic.buffer.size=1048576 -javaagent:C:\Users\Admin\AppData\Local\Programs\IntelliJ IDEA Ultimate\lib\idea_rt.jar=58813:C:\Users\Admin\AppData\Local\Programs\IntelliJ IDEA Ultimate\bin -javaagent:C:\Users\Admin\AppData\Local\JetBrains\IntelliJIdea2024.3\captureAgent\debugger-agent.jar -Dkotlinx.coroutines.debug.enable.creation.stack.trace=false -Ddebugger.agent.enable.coroutines=true -Dkotlinx.coroutines.debug.enable.flows.stack.trace=true -Dkotlinx.coroutines.debug.enable.mutable.state.flows.stack.trace=true -Dfile.encoding=UTF-8 com.intellij.rt.junit.JUnitStarter -ideVersion5 -junit5 com.micheal.product_service.ProductServiceApplicationTests

Host: 11th Gen Intel(R) Core(TM) i7-11800H @ 2.30GHz, 16 cores, 15G,  Windows 11 , 64 bit Build 26100 (10.0.26100.7623)
Time: Mon Feb  2 20:18:54 2026 SE Asia Standard Time elapsed time: 5.542414 seconds (0d 0h 0m 5s)

---------------  T H R E A D  ---------------

Current thread (0x0000022aad9d0510):  JavaThread "C2 CompilerThread0" daemon [_thread_in_native, id=15436, stack(0x00000081ba900000,0x00000081baa00000)]


Current CompileTask:
C2:   5542 1025   !   4       jdk.internal.loader.URLClassPath$JarLoader::getResource (65 bytes)

Stack: [0x00000081ba900000,0x00000081baa00000]
Native frames: (J=compiled Java code, j=interpreted, Vv=VM code, C=native code)
V  [jvm.dll+0x677d0a]
V  [jvm.dll+0x7d8c54]
V  [jvm.dll+0x7da3fe]
V  [jvm.dll+0x7daa63]
V  [jvm.dll+0x245c5f]
V  [jvm.dll+0xaaa6b]
V  [jvm.dll+0xab00c]
V  [jvm.dll+0x361e8e]
V  [jvm.dll+0x32c551]
V  [jvm.dll+0x32b9ea]
V  [jvm.dll+0x217fff]
V  [jvm.dll+0x217431]
V  [jvm.dll+0x1a3af0]
V  [jvm.dll+0x2270be]
V  [jvm.dll+0x22535b]
V  [jvm.dll+0x78e7bc]
V  [jvm.dll+0x788bba]
V  [jvm.dll+0x676b35]
C  [ucrtbase.dll+0x37b0]
C  [KERNEL32.DLL+0x2e8d7]
C  [ntdll.dll+0x8c53c]


---------------  P R O C E S S  ---------------

Threads class SMR info:
_java_thread_list=0x0000022af3184050, length=18, elements={
0x0000022a8a339690, 0x0000022aad9b4320, 0x0000022aad9b4de0, 0x0000022aad9c3ec0,
0x0000022aad9c6790, 0x0000022aad9c7050, 0x0000022aad9c7910, 0x0000022aad9d0510,
0x0000022aad9d32e0, 0x0000022aad9d3be0, 0x0000022aad55cd70, 0x0000022aadafc030,
0x0000022aadbc9460, 0x0000022af30862f0, 0x0000022af3b718f0, 0x0000022af3c5cb70,
0x0000022af4161430, 0x0000022af4d24da0
}

Java Threads: ( => current thread )
  0x0000022a8a339690 JavaThread "main" [_thread_in_vm, id=15560, stack(0x00000081b9c00000,0x00000081b9d00000)]
  0x0000022aad9b4320 JavaThread "Reference Handler" daemon [_thread_blocked, id=26612, stack(0x00000081ba300000,0x00000081ba400000)]
  0x0000022aad9b4de0 JavaThread "Finalizer" daemon [_thread_blocked, id=8680, stack(0x00000081ba400000,0x00000081ba500000)]
  0x0000022aad9c3ec0 JavaThread "Signal Dispatcher" daemon [_thread_blocked, id=29544, stack(0x00000081ba500000,0x00000081ba600000)]
  0x0000022aad9c6790 JavaThread "Attach Listener" daemon [_thread_in_native, id=25140, stack(0x00000081ba600000,0x00000081ba700000)]
  0x0000022aad9c7050 JavaThread "Service Thread" daemon [_thread_blocked, id=13280, stack(0x00000081ba700000,0x00000081ba800000)]
  0x0000022aad9c7910 JavaThread "Monitor Deflation Thread" daemon [_thread_blocked, id=4652, stack(0x00000081ba800000,0x00000081ba900000)]
=>0x0000022aad9d0510 JavaThread "C2 CompilerThread0" daemon [_thread_in_native, id=15436, stack(0x00000081ba900000,0x00000081baa00000)]
  0x0000022aad9d32e0 JavaThread "C1 CompilerThread0" daemon [_thread_in_native, id=21412, stack(0x00000081baa00000,0x00000081bab00000)]
  0x0000022aad9d3be0 JavaThread "Sweeper thread" daemon [_thread_blocked, id=6648, stack(0x00000081bab00000,0x00000081bac00000)]
  0x0000022aad55cd70 JavaThread "Common-Cleaner" daemon [_thread_blocked, id=25468, stack(0x00000081bac00000,0x00000081bad00000)]
  0x0000022aadafc030 JavaThread "C1 CompilerThread1" daemon [_thread_blocked, id=28600, stack(0x00000081bad00000,0x00000081bae00000)]
  0x0000022aadbc9460 JavaThread "Monitor Ctrl-Break" daemon [_thread_in_native, id=20320, stack(0x00000081bb100000,0x00000081bb200000)]
  0x0000022af30862f0 JavaThread "Notification Thread" daemon [_thread_blocked, id=9092, stack(0x00000081bb200000,0x00000081bb300000)]
  0x0000022af3b718f0 JavaThread "C2 CompilerThread1" daemon [_thread_in_native, id=13188, stack(0x00000081baf00000,0x00000081bb000000)]
  0x0000022af3c5cb70 JavaThread "C2 CompilerThread2" daemon [_thread_in_native, id=29064, stack(0x00000081bb000000,0x00000081bb100000)]
  0x0000022af4161430 JavaThread "C2 CompilerThread3" daemon [_thread_in_native, id=16180, stack(0x00000081bbc00000,0x00000081bbd00000)]
  0x0000022af4d24da0 JavaThread "C2 CompilerThread4" daemon [_thread_in_native, id=28604, stack(0x00000081bbd00000,0x00000081bbe00000)]

Other Threads:
  0x0000022aad9af970 VMThread "VM Thread" [stack: 0x00000081ba200000,0x00000081ba300000] [id=7784]
  0x0000022af305d3a0 WatcherThread [stack: 0x00000081bb300000,0x00000081bb400000] [id=14060]
  0x0000022a8a3a8b80 GCTaskThread "GC Thread#0" [stack: 0x00000081b9d00000,0x00000081b9e00000] [id=3320]
  0x0000022af3f121b0 GCTaskThread "GC Thread#1" [stack: 0x00000081bb400000,0x00000081bb500000] [id=16020]
  0x0000022af3fcafe0 GCTaskThread "GC Thread#2" [stack: 0x00000081bb500000,0x00000081bb600000] [id=18324]
  0x0000022af3ea2cf0 GCTaskThread "GC Thread#3" [stack: 0x00000081bb600000,0x00000081bb700000] [id=6612]
  0x0000022af3ddd020 GCTaskThread "GC Thread#4" [stack: 0x00000081bb700000,0x00000081bb800000] [id=28428]
  0x0000022af3d2d6e0 GCTaskThread "GC Thread#5" [stack: 0x00000081bb800000,0x00000081bb900000] [id=24228]
  0x0000022af3ce6920 GCTaskThread "GC Thread#6" [stack: 0x00000081bb900000,0x00000081bba00000] [id=8972]
  0x0000022af410a150 GCTaskThread "GC Thread#7" [stack: 0x00000081bba00000,0x00000081bbb00000] [id=27340]
  0x0000022af3dd8cd0 GCTaskThread "GC Thread#8" [stack: 0x00000081bbb00000,0x00000081bbc00000] [id=15688]
  0x0000022a8a3ba260 ConcurrentGCThread "G1 Main Marker" [stack: 0x00000081b9e00000,0x00000081b9f00000] [id=15632]
  0x0000022a8a3bab80 ConcurrentGCThread "G1 Conc#0" [stack: 0x00000081b9f00000,0x00000081ba000000] [id=5340]
  0x0000022aad4272e0 ConcurrentGCThread "G1 Refine#0" [stack: 0x00000081ba000000,0x00000081ba100000] [id=8872]
  0x0000022aad427ab0 ConcurrentGCThread "G1 Service" [stack: 0x00000081ba100000,0x00000081ba200000] [id=8288]

Threads with active compile tasks:
C2 CompilerThread0     5573 1025   !   4       jdk.internal.loader.URLClassPath$JarLoader::getResource (65 bytes)
C1 CompilerThread0     5573 1317       3       sun.reflect.generics.visitor.Reifier::visitClassTypeSignature (381 bytes)
C1 CompilerThread1     5573 1320       3       java.util.LinkedHashMap$LinkedHashIterator::<init> (31 bytes)
C2 CompilerThread1     5573 1212       4       jdk.internal.org.objectweb.asm.SymbolTable::put (150 bytes)
C2 CompilerThread2     5573 1171       4       jdk.internal.org.objectweb.asm.Symbol::<init> (38 bytes)
C2 CompilerThread3     5573 1050       4       java.lang.String::substring (58 bytes)
C2 CompilerThread4     5573 1246       4       jdk.internal.org.objectweb.asm.SymbolTable::addConstantUtf8 (98 bytes)

VM state: not at safepoint (normal execution)

VM Mutex/Monitor currently owned by a thread: None

Heap address: 0x0000000704400000, size: 4028 MB, Compressed Oops mode: Zero based, Oop shift amount: 3

CDS archive(s) mapped at: [0x0000022aae000000-0x0000022aaebd0000-0x0000022aaebd0000), size 12386304, SharedBaseAddress: 0x0000022aae000000, ArchiveRelocationMode: 1.
Compressed class space mapped at: 0x0000022aaf000000-0x0000022aef000000, reserved size: 1073741824
Narrow klass base: 0x0000022aae000000, Narrow klass shift: 0, Narrow klass range: 0x100000000

GC Precious Log:
 CPUs: 16 total, 16 available
 Memory: 16107M
 Large Page Support: Disabled
 NUMA Support: Disabled
 Compressed Oops: Enabled (Zero based)
 Heap Region Size: 2M
 Heap Min Capacity: 8M
 Heap Initial Capacity: 252M
 Heap Max Capacity: 4028M
 Pre-touch: Disabled
 Parallel Workers: 13
 Concurrent Workers: 3
 Concurrent Refinement Workers: 13
 Periodic GC: Disabled

Heap:
 garbage-first heap   total 258048K, used 15671K [0x0000000704400000, 0x0000000800000000)
  region size 2048K, 6 young (12288K), 2 survivors (4096K)
 Metaspace       used 9486K, committed 9664K, reserved 1114112K
  class space    used 1001K, committed 1088K, reserved 1048576K

Heap Regions: E=young(eden), S=young(survivor), O=old, HS=humongous(starts), HC=humongous(continues), CS=collection set, F=free, OA=open archive, CA=closed archive, TAMS=top-at-mark-start (previous, next)
|   0|0x0000000704400000, 0x0000000704600000, 0x0000000704600000|100%|HS|  |TAMS 0x0000000704400000, 0x0000000704400000| Complete 
|   1|0x0000000704600000, 0x0000000704800000, 0x0000000704800000|100%| O|  |TAMS 0x0000000704600000, 0x0000000704600000| Untracked 
|   2|0x0000000704800000, 0x000000070494dc00, 0x0000000704a00000| 65%| O|  |TAMS 0x0000000704800000, 0x0000000704800000| Untracked 
|   3|0x0000000704a00000, 0x0000000704a00000, 0x0000000704c00000|  0%| F|  |TAMS 0x0000000704a00000, 0x0000000704a00000| Untracked 
|   4|0x0000000704c00000, 0x0000000704c00000, 0x0000000704e00000|  0%| F|  |TAMS 0x0000000704c00000, 0x0000000704c00000| Untracked 
|   5|0x0000000704e00000, 0x0000000704e00000, 0x0000000705000000|  0%| F|  |TAMS 0x0000000704e00000, 0x0000000704e00000| Untracked 
|   6|0x0000000705000000, 0x0000000705000000, 0x0000000705200000|  0%| F|  |TAMS 0x0000000705000000, 0x0000000705000000| Untracked 
|   7|0x0000000705200000, 0x0000000705200000, 0x0000000705400000|  0%| F|  |TAMS 0x0000000705200000, 0x0000000705200000| Untracked 
|   8|0x0000000705400000, 0x0000000705400000, 0x0000000705600000|  0%| F|  |TAMS 0x0000000705400000, 0x0000000705400000| Untracked 
|   9|0x0000000705600000, 0x0000000705600000, 0x0000000705800000|  0%| F|  |TAMS 0x0000000705600000, 0x0000000705600000| Untracked 
|  10|0x0000000705800000, 0x0000000705800000, 0x0000000705a00000|  0%| F|  |TAMS 0x0000000705800000, 0x0000000705800000| Untracked 
|  11|0x0000000705a00000, 0x0000000705a00000, 0x0000000705c00000|  0%| F|  |TAMS 0x0000000705a00000, 0x0000000705a00000| Untracked 
|  12|0x0000000705c00000, 0x0000000705c00000, 0x0000000705e00000|  0%| F|  |TAMS 0x0000000705c00000, 0x0000000705c00000| Untracked 
|  13|0x0000000705e00000, 0x0000000705e00000, 0x0000000706000000|  0%| F|  |TAMS 0x0000000705e00000, 0x0000000705e00000| Untracked 
|  14|0x0000000706000000, 0x0000000706000000, 0x0000000706200000|  0%| F|  |TAMS 0x0000000706000000, 0x0000000706000000| Untracked 
|  15|0x0000000706200000, 0x0000000706200000, 0x0000000706400000|  0%| F|  |TAMS 0x0000000706200000, 0x0000000706200000| Untracked 
|  16|0x0000000706400000, 0x0000000706400000, 0x0000000706600000|  0%| F|  |TAMS 0x0000000706400000, 0x0000000706400000| Untracked 
|  17|0x0000000706600000, 0x0000000706600000, 0x0000000706800000|  0%| F|  |TAMS 0x0000000706600000, 0x0000000706600000| Untracked 
|  18|0x0000000706800000, 0x0000000706800000, 0x0000000706a00000|  0%| F|  |TAMS 0x0000000706800000, 0x0000000706800000| Untracked 
|  19|0x0000000706a00000, 0x0000000706a00000, 0x0000000706c00000|  0%| F|  |TAMS 0x0000000706a00000, 0x0000000706a00000| Untracked 
|  20|0x0000000706c00000, 0x0000000706c00000, 0x0000000706e00000|  0%| F|  |TAMS 0x0000000706c00000, 0x0000000706c00000| Untracked 
|  21|0x0000000706e00000, 0x0000000706e00000, 0x0000000707000000|  0%| F|  |TAMS 0x0000000706e00000, 0x0000000706e00000| Untracked 
|  22|0x0000000707000000, 0x0000000707000000, 0x0000000707200000|  0%| F|  |TAMS 0x0000000707000000, 0x0000000707000000| Untracked 
|  23|0x0000000707200000, 0x0000000707200000, 0x0000000707400000|  0%| F|  |TAMS 0x0000000707200000, 0x0000000707200000| Untracked 
|  24|0x0000000707400000, 0x0000000707400000, 0x0000000707600000|  0%| F|  |TAMS 0x0000000707400000, 0x0000000707400000| Untracked 
|  25|0x0000000707600000, 0x0000000707600000, 0x0000000707800000|  0%| F|  |TAMS 0x0000000707600000, 0x0000000707600000| Untracked 
|  26|0x0000000707800000, 0x0000000707800000, 0x0000000707a00000|  0%| F|  |TAMS 0x0000000707800000, 0x0000000707800000| Untracked 
|  27|0x0000000707a00000, 0x0000000707a00000, 0x0000000707c00000|  0%| F|  |TAMS 0x0000000707a00000, 0x0000000707a00000| Untracked 
|  28|0x0000000707c00000, 0x0000000707c00000, 0x0000000707e00000|  0%| F|  |TAMS 0x0000000707c00000, 0x0000000707c00000| Untracked 
|  29|0x0000000707e00000, 0x0000000707e00000, 0x0000000708000000|  0%| F|  |TAMS 0x0000000707e00000, 0x0000000707e00000| Untracked 
|  30|0x0000000708000000, 0x0000000708000000, 0x0000000708200000|  0%| F|  |TAMS 0x0000000708000000, 0x0000000708000000| Untracked 
|  31|0x0000000708200000, 0x0000000708200000, 0x0000000708400000|  0%| F|  |TAMS 0x0000000708200000, 0x0000000708200000| Untracked 
|  32|0x0000000708400000, 0x0000000708400000, 0x0000000708600000|  0%| F|  |TAMS 0x0000000708400000, 0x0000000708400000| Untracked 
|  33|0x0000000708600000, 0x0000000708600000, 0x0000000708800000|  0%| F|  |TAMS 0x0000000708600000, 0x0000000708600000| Untracked 
|  34|0x0000000708800000, 0x0000000708800000, 0x0000000708a00000|  0%| F|  |TAMS 0x0000000708800000, 0x0000000708800000| Untracked 
|  35|0x0000000708a00000, 0x0000000708a00000, 0x0000000708c00000|  0%| F|  |TAMS 0x0000000708a00000, 0x0000000708a00000| Untracked 
|  36|0x0000000708c00000, 0x0000000708c00000, 0x0000000708e00000|  0%| F|  |TAMS 0x0000000708c00000, 0x0000000708c00000| Untracked 
|  37|0x0000000708e00000, 0x0000000708e00000, 0x0000000709000000|  0%| F|  |TAMS 0x0000000708e00000, 0x0000000708e00000| Untracked 
|  38|0x0000000709000000, 0x0000000709000000, 0x0000000709200000|  0%| F|  |TAMS 0x0000000709000000, 0x0000000709000000| Untracked 
|  39|0x0000000709200000, 0x0000000709200000, 0x0000000709400000|  0%| F|  |TAMS 0x0000000709200000, 0x0000000709200000| Untracked 
|  40|0x0000000709400000, 0x0000000709400000, 0x0000000709600000|  0%| F|  |TAMS 0x0000000709400000, 0x0000000709400000| Untracked 
|  41|0x0000000709600000, 0x0000000709600000, 0x0000000709800000|  0%| F|  |TAMS 0x0000000709600000, 0x0000000709600000| Untracked 
|  42|0x0000000709800000, 0x0000000709800000, 0x0000000709a00000|  0%| F|  |TAMS 0x0000000709800000, 0x0000000709800000| Untracked 
|  43|0x0000000709a00000, 0x0000000709a00000, 0x0000000709c00000|  0%| F|  |TAMS 0x0000000709a00000, 0x0000000709a00000| Untracked 
|  44|0x0000000709c00000, 0x0000000709c00000, 0x0000000709e00000|  0%| F|  |TAMS 0x0000000709c00000, 0x0000000709c00000| Untracked 
|  45|0x0000000709e00000, 0x0000000709e00000, 0x000000070a000000|  0%| F|  |TAMS 0x0000000709e00000, 0x0000000709e00000| Untracked 
|  46|0x000000070a000000, 0x000000070a000000, 0x000000070a200000|  0%| F|  |TAMS 0x000000070a000000, 0x000000070a000000| Untracked 
|  47|0x000000070a200000, 0x000000070a200000, 0x000000070a400000|  0%| F|  |TAMS 0x000000070a200000, 0x000000070a200000| Untracked 
|  48|0x000000070a400000, 0x000000070a400000, 0x000000070a600000|  0%| F|  |TAMS 0x000000070a400000, 0x000000070a400000| Untracked 
|  49|0x000000070a600000, 0x000000070a600000, 0x000000070a800000|  0%| F|  |TAMS 0x000000070a600000, 0x000000070a600000| Untracked 
|  50|0x000000070a800000, 0x000000070a800000, 0x000000070aa00000|  0%| F|  |TAMS 0x000000070a800000, 0x000000070a800000| Untracked 
|  51|0x000000070aa00000, 0x000000070aa00000, 0x000000070ac00000|  0%| F|  |TAMS 0x000000070aa00000, 0x000000070aa00000| Untracked 
|  52|0x000000070ac00000, 0x000000070ac00000, 0x000000070ae00000|  0%| F|  |TAMS 0x000000070ac00000, 0x000000070ac00000| Untracked 
|  53|0x000000070ae00000, 0x000000070ae00000, 0x000000070b000000|  0%| F|  |TAMS 0x000000070ae00000, 0x000000070ae00000| Untracked 
|  54|0x000000070b000000, 0x000000070b000000, 0x000000070b200000|  0%| F|  |TAMS 0x000000070b000000, 0x000000070b000000| Untracked 
|  55|0x000000070b200000, 0x000000070b200000, 0x000000070b400000|  0%| F|  |TAMS 0x000000070b200000, 0x000000070b200000| Untracked 
|  56|0x000000070b400000, 0x000000070b400000, 0x000000070b600000|  0%| F|  |TAMS 0x000000070b400000, 0x000000070b400000| Untracked 
|  57|0x000000070b600000, 0x000000070b600000, 0x000000070b800000|  0%| F|  |TAMS 0x000000070b600000, 0x000000070b600000| Untracked 
|  58|0x000000070b800000, 0x000000070b800000, 0x000000070ba00000|  0%| F|  |TAMS 0x000000070b800000, 0x000000070b800000| Untracked 
|  59|0x000000070ba00000, 0x000000070ba00000, 0x000000070bc00000|  0%| F|  |TAMS 0x000000070ba00000, 0x000000070ba00000| Untracked 
|  60|0x000000070bc00000, 0x000000070bc00000, 0x000000070be00000|  0%| F|  |TAMS 0x000000070bc00000, 0x000000070bc00000| Untracked 
|  61|0x000000070be00000, 0x000000070be00000, 0x000000070c000000|  0%| F|  |TAMS 0x000000070be00000, 0x000000070be00000| Untracked 
|  62|0x000000070c000000, 0x000000070c000000, 0x000000070c200000|  0%| F|  |TAMS 0x000000070c000000, 0x000000070c000000| Untracked 
|  63|0x000000070c200000, 0x000000070c200000, 0x000000070c400000|  0%| F|  |TAMS 0x000000070c200000, 0x000000070c200000| Untracked 
|  64|0x000000070c400000, 0x000000070c400000, 0x000000070c600000|  0%| F|  |TAMS 0x000000070c400000, 0x000000070c400000| Untracked 
|  65|0x000000070c600000, 0x000000070c600000, 0x000000070c800000|  0%| F|  |TAMS 0x000000070c600000, 0x000000070c600000| Untracked 
|  66|0x000000070c800000, 0x000000070c800000, 0x000000070ca00000|  0%| F|  |TAMS 0x000000070c800000, 0x000000070c800000| Untracked 
|  67|0x000000070ca00000, 0x000000070ca00000, 0x000000070cc00000|  0%| F|  |TAMS 0x000000070ca00000, 0x000000070ca00000| Untracked 
|  68|0x000000070cc00000, 0x000000070cc00000, 0x000000070ce00000|  0%| F|  |TAMS 0x000000070cc00000, 0x000000070cc00000| Untracked 
|  69|0x000000070ce00000, 0x000000070ce00000, 0x000000070d000000|  0%| F|  |TAMS 0x000000070ce00000, 0x000000070ce00000| Untracked 
|  70|0x000000070d000000, 0x000000070d000000, 0x000000070d200000|  0%| F|  |TAMS 0x000000070d000000, 0x000000070d000000| Untracked 
|  71|0x000000070d200000, 0x000000070d200000, 0x000000070d400000|  0%| F|  |TAMS 0x000000070d200000, 0x000000070d200000| Untracked 
|  72|0x000000070d400000, 0x000000070d400000, 0x000000070d600000|  0%| F|  |TAMS 0x000000070d400000, 0x000000070d400000| Untracked 
|  73|0x000000070d600000, 0x000000070d600000, 0x000000070d800000|  0%| F|  |TAMS 0x000000070d600000, 0x000000070d600000| Untracked 
|  74|0x000000070d800000, 0x000000070d800000, 0x000000070da00000|  0%| F|  |TAMS 0x000000070d800000, 0x000000070d800000| Untracked 
|  75|0x000000070da00000, 0x000000070da00000, 0x000000070dc00000|  0%| F|  |TAMS 0x000000070da00000, 0x000000070da00000| Untracked 
|  76|0x000000070dc00000, 0x000000070dc00000, 0x000000070de00000|  0%| F|  |TAMS 0x000000070dc00000, 0x000000070dc00000| Untracked 
|  77|0x000000070de00000, 0x000000070de00000, 0x000000070e000000|  0%| F|  |TAMS 0x000000070de00000, 0x000000070de00000| Untracked 
|  78|0x000000070e000000, 0x000000070e000000, 0x000000070e200000|  0%| F|  |TAMS 0x000000070e000000, 0x000000070e000000| Untracked 
|  79|0x000000070e200000, 0x000000070e200000, 0x000000070e400000|  0%| F|  |TAMS 0x000000070e200000, 0x000000070e200000| Untracked 
|  80|0x000000070e400000, 0x000000070e400000, 0x000000070e600000|  0%| F|  |TAMS 0x000000070e400000, 0x000000070e400000| Untracked 
|  81|0x000000070e600000, 0x000000070e600000, 0x000000070e800000|  0%| F|  |TAMS 0x000000070e600000, 0x000000070e600000| Untracked 
|  82|0x000000070e800000, 0x000000070e800000, 0x000000070ea00000|  0%| F|  |TAMS 0x000000070e800000, 0x000000070e800000| Untracked 
|  83|0x000000070ea00000, 0x000000070ea00000, 0x000000070ec00000|  0%| F|  |TAMS 0x000000070ea00000, 0x000000070ea00000| Untracked 
|  84|0x000000070ec00000, 0x000000070ec00000, 0x000000070ee00000|  0%| F|  |TAMS 0x000000070ec00000, 0x000000070ec00000| Untracked 
|  85|0x000000070ee00000, 0x000000070ee00000, 0x000000070f000000|  0%| F|  |TAMS 0x000000070ee00000, 0x000000070ee00000| Untracked 
|  86|0x000000070f000000, 0x000000070f000000, 0x000000070f200000|  0%| F|  |TAMS 0x000000070f000000, 0x000000070f000000| Untracked 
|  87|0x000000070f200000, 0x000000070f200000, 0x000000070f400000|  0%| F|  |TAMS 0x000000070f200000, 0x000000070f200000| Untracked 
|  88|0x000000070f400000, 0x000000070f400000, 0x000000070f600000|  0%| F|  |TAMS 0x000000070f400000, 0x000000070f400000| Untracked 
|  89|0x000000070f600000, 0x000000070f600000, 0x000000070f800000|  0%| F|  |TAMS 0x000000070f600000, 0x000000070f600000| Untracked 
|  90|0x000000070f800000, 0x000000070f800000, 0x000000070fa00000|  0%| F|  |TAMS 0x000000070f800000, 0x000000070f800000| Untracked 
|  91|0x000000070fa00000, 0x000000070fa00000, 0x000000070fc00000|  0%| F|  |TAMS 0x000000070fa00000, 0x000000070fa00000| Untracked 
|  92|0x000000070fc00000, 0x000000070fc00000, 0x000000070fe00000|  0%| F|  |TAMS 0x000000070fc00000, 0x000000070fc00000| Untracked 
|  93|0x000000070fe00000, 0x000000070fe00000, 0x0000000710000000|  0%| F|  |TAMS 0x000000070fe00000, 0x000000070fe00000| Untracked 
|  94|0x0000000710000000, 0x0000000710000000, 0x0000000710200000|  0%| F|  |TAMS 0x0000000710000000, 0x0000000710000000| Untracked 
|  95|0x0000000710200000, 0x0000000710200000, 0x0000000710400000|  0%| F|  |TAMS 0x0000000710200000, 0x0000000710200000| Untracked 
|  96|0x0000000710400000, 0x0000000710400000, 0x0000000710600000|  0%| F|  |TAMS 0x0000000710400000, 0x0000000710400000| Untracked 
|  97|0x0000000710600000, 0x0000000710600000, 0x0000000710800000|  0%| F|  |TAMS 0x0000000710600000, 0x0000000710600000| Untracked 
|  98|0x0000000710800000, 0x0000000710800000, 0x0000000710a00000|  0%| F|  |TAMS 0x0000000710800000, 0x0000000710800000| Untracked 
|  99|0x0000000710a00000, 0x0000000710a00000, 0x0000000710c00000|  0%| F|  |TAMS 0x0000000710a00000, 0x0000000710a00000| Untracked 
| 100|0x0000000710c00000, 0x0000000710c00000, 0x0000000710e00000|  0%| F|  |TAMS 0x0000000710c00000, 0x0000000710c00000| Untracked 
| 101|0x0000000710e00000, 0x0000000710e00000, 0x0000000711000000|  0%| F|  |TAMS 0x0000000710e00000, 0x0000000710e00000| Untracked 
| 102|0x0000000711000000, 0x0000000711000000, 0x0000000711200000|  0%| F|  |TAMS 0x0000000711000000, 0x0000000711000000| Untracked 
| 103|0x0000000711200000, 0x0000000711200000, 0x0000000711400000|  0%| F|  |TAMS 0x0000000711200000, 0x0000000711200000| Untracked 
| 104|0x0000000711400000, 0x0000000711400000, 0x0000000711600000|  0%| F|  |TAMS 0x0000000711400000, 0x0000000711400000| Untracked 
| 105|0x0000000711600000, 0x0000000711600000, 0x0000000711800000|  0%| F|  |TAMS 0x0000000711600000, 0x0000000711600000| Untracked 
| 106|0x0000000711800000, 0x0000000711800000, 0x0000000711a00000|  0%| F|  |TAMS 0x0000000711800000, 0x0000000711800000| Untracked 
| 107|0x0000000711a00000, 0x0000000711a00000, 0x0000000711c00000|  0%| F|  |TAMS 0x0000000711a00000, 0x0000000711a00000| Untracked 
| 108|0x0000000711c00000, 0x0000000711c00000, 0x0000000711e00000|  0%| F|  |TAMS 0x0000000711c00000, 0x0000000711c00000| Untracked 
| 109|0x0000000711e00000, 0x0000000711e00000, 0x0000000712000000|  0%| F|  |TAMS 0x0000000711e00000, 0x0000000711e00000| Untracked 
| 110|0x0000000712000000, 0x0000000712000000, 0x0000000712200000|  0%| F|  |TAMS 0x0000000712000000, 0x0000000712000000| Untracked 
| 111|0x0000000712200000, 0x0000000712200000, 0x0000000712400000|  0%| F|  |TAMS 0x0000000712200000, 0x0000000712200000| Untracked 
| 112|0x0000000712400000, 0x0000000712400000, 0x0000000712600000|  0%| F|  |TAMS 0x0000000712400000, 0x0000000712400000| Untracked 
| 113|0x0000000712600000, 0x0000000712800000, 0x0000000712800000|100%| S|CS|TAMS 0x0000000712600000, 0x0000000712600000| Complete 
| 114|0x0000000712800000, 0x0000000712a00000, 0x0000000712a00000|100%| S|CS|TAMS 0x0000000712800000, 0x0000000712800000| Complete 
| 115|0x0000000712a00000, 0x0000000712a00000, 0x0000000712c00000|  0%| F|  |TAMS 0x0000000712a00000, 0x0000000712a00000| Untracked 
| 116|0x0000000712c00000, 0x0000000712c00000, 0x0000000712e00000|  0%| F|  |TAMS 0x0000000712c00000, 0x0000000712c00000| Untracked 
| 117|0x0000000712e00000, 0x0000000712e00000, 0x0000000713000000|  0%| F|  |TAMS 0x0000000712e00000, 0x0000000712e00000| Untracked 
| 118|0x0000000713000000, 0x0000000713000000, 0x0000000713200000|  0%| F|  |TAMS 0x0000000713000000, 0x0000000713000000| Untracked 
| 119|0x0000000713200000, 0x0000000713200000, 0x0000000713400000|  0%| F|  |TAMS 0x0000000713200000, 0x0000000713200000| Untracked 
| 120|0x0000000713400000, 0x0000000713400000, 0x0000000713600000|  0%| F|  |TAMS 0x0000000713400000, 0x0000000713400000| Untracked 
| 121|0x0000000713600000, 0x0000000713600000, 0x0000000713800000|  0%| F|  |TAMS 0x0000000713600000, 0x0000000713600000| Untracked 
| 122|0x0000000713800000, 0x00000007138c42c8, 0x0000000713a00000| 38%| E|  |TAMS 0x0000000713800000, 0x0000000713800000| Complete 
| 123|0x0000000713a00000, 0x0000000713c00000, 0x0000000713c00000|100%| E|CS|TAMS 0x0000000713a00000, 0x0000000713a00000| Complete 
| 124|0x0000000713c00000, 0x0000000713e00000, 0x0000000713e00000|100%| E|CS|TAMS 0x0000000713c00000, 0x0000000713c00000| Complete 
| 125|0x0000000713e00000, 0x0000000714000000, 0x0000000714000000|100%| E|CS|TAMS 0x0000000713e00000, 0x0000000713e00000| Complete 

Card table byte_map: [0x0000022aa1c20000,0x0000022aa2400000] _byte_map_base: 0x0000022a9e3fe000

Marking Bits (Prev, Next): (CMBitMap*) 0x0000022a8a3a90a0, (CMBitMap*) 0x0000022a8a3a90e0
 Prev Bits: [0x0000022aa2be0000, 0x0000022aa6ad0000)
 Next Bits: [0x0000022aa6ad0000, 0x0000022aaa9c0000)

Polling page: 0x0000022a88250000

Metaspace:

Usage:
  Non-class:      8.29 MB used.
      Class:   1003.97 KB used.
       Both:      9.27 MB used.

Virtual space:
  Non-class space:       64.00 MB reserved,       8.38 MB ( 13%) committed,  1 nodes.
      Class space:        1.00 GB reserved,       1.06 MB ( <1%) committed,  1 nodes.
             Both:        1.06 GB reserved,       9.44 MB ( <1%) committed. 

Chunk freelists:
   Non-Class:  6.89 MB
       Class:  14.98 MB
        Both:  21.87 MB

MaxMetaspaceSize: unlimited
CompressedClassSpaceSize: 1.00 GB
Initial GC threshold: 21.00 MB
Current GC threshold: 21.00 MB
CDS: on
MetaspaceReclaimPolicy: balanced
 - commit_granule_bytes: 65536.
 - commit_granule_words: 8192.
 - virtual_space_node_default_size: 8388608.
 - enlarge_chunks_in_place: 1.
 - new_chunks_are_fully_committed: 0.
 - uncommit_free_chunks: 1.
 - use_allocation_guard: 0.
 - handle_deallocations: 1.


Internal statistics:

num_allocs_failed_limit: 0.
num_arena_births: 100.
num_arena_deaths: 0.
num_vsnodes_births: 2.
num_vsnodes_deaths: 0.
num_space_committed: 151.
num_space_uncommitted: 0.
num_chunks_returned_to_freelist: 0.
num_chunks_taken_from_freelist: 240.
num_chunk_merges: 0.
num_chunk_splits: 126.
num_chunks_enlarged: 61.
num_purges: 0.
num_inconsistent_stats: 0.

CodeHeap 'non-profiled nmethods': size=119168Kb used=450Kb max_used=450Kb free=118717Kb
 bounds [0x0000022a99760000, 0x0000022a999d0000, 0x0000022aa0bc0000]
CodeHeap 'profiled nmethods': size=119104Kb used=2384Kb max_used=2384Kb free=116719Kb
 bounds [0x0000022a91bc0000, 0x0000022a91e30000, 0x0000022a99010000]
CodeHeap 'non-nmethods': size=7488Kb used=1745Kb max_used=2861Kb free=5742Kb
 bounds [0x0000022a99010000, 0x0000022a992e0000, 0x0000022a99760000]
 total_blobs=1770 nmethods=1312 adapters=370
 compilation: enabled
              stopped_count=0, restarted_count=0
 full_count=0

Compilation events (20 events):
Event: 4.527 Thread 0x0000022aad9d32e0 nmethod 1256 0x0000022a91def590 code [0x0000022a91def740, 0x0000022a91def9a8]
Event: 4.527 Thread 0x0000022aadafc030 1257       3       java.lang.Module::implIsExportedOrOpen (92 bytes)
Event: 4.527 Thread 0x0000022aad9d32e0 1259       1       java.lang.Class::getAnnotationType (5 bytes)
Event: 4.527 Thread 0x0000022aad9d32e0 nmethod 1259 0x0000022a997c0b10 code [0x0000022a997c0ca0, 0x0000022a997c0d78]
Event: 4.527 Thread 0x0000022aadafc5f0 nmethod 1255 0x0000022a91defe10 code [0x0000022a91df0000, 0x0000022a91df0518]
Event: 4.527 Thread 0x0000022aadafc030 nmethod 1257 0x0000022a91df0690 code [0x0000022a91df08c0, 0x0000022a91df0ff8]
Event: 4.528 Thread 0x0000022aadafc030 1263       3       java.util.HashMap::tableSizeFor (32 bytes)
Event: 4.528 Thread 0x0000022aadafc5f0 1264       3       java.util.Properties::getProperty (50 bytes)
Event: 4.528 Thread 0x0000022aad9d32e0 1265       3       jdk.internal.reflect.ConstantPool::getUTF8At (10 bytes)
Event: 4.528 Thread 0x0000022aadafc030 nmethod 1263 0x0000022a91df1210 code [0x0000022a91df13c0, 0x0000022a91df15e8]
Event: 4.528 Thread 0x0000022aad9d32e0 nmethod 1265 0x0000022a91df1690 code [0x0000022a91df1820, 0x0000022a91df1968]
Event: 4.528 Thread 0x0000022aad9d32e0 1268       3       jdk.internal.org.objectweb.asm.MethodWriter::visitLdcInsn (215 bytes)
Event: 4.528 Thread 0x0000022aadafc030 1269       3       jdk.internal.org.objectweb.asm.SymbolTable::addConstant (330 bytes)
Event: 4.528 Thread 0x0000022aadafc5f0 nmethod 1264 0x0000022a91df1a10 code [0x0000022a91df1be0, 0x0000022a91df20d8]
Event: 4.529 Thread 0x0000022af4d24da0 1236       4       java.lang.StringLatin1::inflate (34 bytes)
Event: 4.530 Thread 0x0000022aad9d32e0 nmethod 1268 0x0000022a91df2210 code [0x0000022a91df2480, 0x0000022a91df2f68]
Event: 4.531 Thread 0x0000022aadafc030 nmethod 1269 0x0000022a91df3390 code [0x0000022a91df3900, 0x0000022a91df6b58]
Event: 4.534 Thread 0x0000022aadafc030 1271   !   3       java.lang.ClassLoader::addClass (27 bytes)
Event: 4.534 Thread 0x0000022af3c5cb70 nmethod 1186 0x0000022a997c1f10 code [0x0000022a997c2120, 0x0000022a997c2c90]
Event: 5.537 Thread 0x0000022af3c5cb70 1250       4       java.lang.StringLatin1::toLowerCase (186 bytes)

GC Heap History (2 events):
Event: 2.378 GC heap before
{Heap before GC invocations=0 (full 0):
 garbage-first heap   total 258048K, used 22528K [0x0000000704400000, 0x0000000800000000)
  region size 2048K, 11 young (22528K), 0 survivors (0K)
 Metaspace       used 7475K, committed 7616K, reserved 1114112K
  class space    used 754K, committed 832K, reserved 1048576K
}
Event: 2.384 GC heap after
{Heap after GC invocations=1 (full 0):
 garbage-first heap   total 258048K, used 9527K [0x0000000704400000, 0x0000000800000000)
  region size 2048K, 2 young (4096K), 2 survivors (4096K)
 Metaspace       used 7475K, committed 7616K, reserved 1114112K
  class space    used 754K, committed 832K, reserved 1048576K
}

Deoptimization events (20 events):
Event: 2.281 Thread 0x0000022a8a339690 DEOPT PACKING pc=0x0000022a9977ffe4 sp=0x00000081b9cfe540
Event: 2.281 Thread 0x0000022a8a339690 DEOPT UNPACKING pc=0x0000022a99065ba3 sp=0x00000081b9cfe4c8 mode 2
Event: 2.281 Thread 0x0000022a8a339690 Uncommon trap: trap_request=0xffffffde fr.pc=0x0000022a997933d4 relative=0x0000000000000394
Event: 2.281 Thread 0x0000022a8a339690 Uncommon trap: reason=class_check action=maybe_recompile pc=0x0000022a997933d4 method=java.util.HashMap.getNode(Ljava/lang/Object;)Ljava/util/HashMap$Node; @ 63 c2
Event: 2.281 Thread 0x0000022a8a339690 DEOPT PACKING pc=0x0000022a997933d4 sp=0x00000081b9cfe510
Event: 2.281 Thread 0x0000022a8a339690 DEOPT UNPACKING pc=0x0000022a99065ba3 sp=0x00000081b9cfe488 mode 2
Event: 2.282 Thread 0x0000022aad9c6790 Uncommon trap: trap_request=0xffffffde fr.pc=0x0000022a997933d4 relative=0x0000000000000394
Event: 2.282 Thread 0x0000022aad9c6790 Uncommon trap: reason=class_check action=maybe_recompile pc=0x0000022a997933d4 method=java.util.HashMap.getNode(Ljava/lang/Object;)Ljava/util/HashMap$Node; @ 63 c2
Event: 2.282 Thread 0x0000022aad9c6790 DEOPT PACKING pc=0x0000022a997933d4 sp=0x00000081ba6fd660
Event: 2.282 Thread 0x0000022aad9c6790 DEOPT UNPACKING pc=0x0000022a99065ba3 sp=0x00000081ba6fd5d8 mode 2
Event: 2.282 Thread 0x0000022aad9c6790 Uncommon trap: trap_request=0xffffffde fr.pc=0x0000022a997933d4 relative=0x0000000000000394
Event: 2.282 Thread 0x0000022aad9c6790 Uncommon trap: reason=class_check action=maybe_recompile pc=0x0000022a997933d4 method=java.util.HashMap.getNode(Ljava/lang/Object;)Ljava/util/HashMap$Node; @ 63 c2
Event: 2.282 Thread 0x0000022aad9c6790 DEOPT PACKING pc=0x0000022a997933d4 sp=0x00000081ba6fd460
Event: 2.282 Thread 0x0000022aad9c6790 DEOPT UNPACKING pc=0x0000022a99065ba3 sp=0x00000081ba6fd3d8 mode 2
Event: 2.322 Thread 0x0000022a8a339690 DEOPT PACKING pc=0x0000022a91c288e5 sp=0x00000081b9cfda30
Event: 2.322 Thread 0x0000022a8a339690 DEOPT UNPACKING pc=0x0000022a990666e3 sp=0x00000081b9cfce80 mode 0
Event: 2.330 Thread 0x0000022a8a339690 DEOPT PACKING pc=0x0000022a91c288e5 sp=0x00000081b9cfd370
Event: 2.330 Thread 0x0000022a8a339690 DEOPT UNPACKING pc=0x0000022a990666e3 sp=0x00000081b9cfc7c0 mode 0
Event: 4.519 Thread 0x0000022a8a339690 DEOPT PACKING pc=0x0000022a91c12c3e sp=0x00000081b9cfc1f0
Event: 4.519 Thread 0x0000022a8a339690 DEOPT UNPACKING pc=0x0000022a990666e3 sp=0x00000081b9cfb668 mode 0

Classes unloaded (0 events):
No events

Classes redefined (1 events):
Event: 0.803 Thread 0x0000022aad9af970 redefined class name=java.lang.Throwable, count=1

Internal exceptions (17 events):
Event: 0.759 Thread 0x0000022aadbc9460 Exception <a 'java/lang/NoSuchMethodError'{0x0000000713c77578}: 'java.lang.Object java.lang.invoke.DirectMethodHandle$Holder.invokeStaticInit(java.lang.Object)'> (0x0000000713c77578) 
thrown [s\open\src\hotspot\share\interpreter\linkResolver.cpp, line 759]
Event: 0.779 Thread 0x0000022aadbc9460 Exception <a 'java/lang/NoSuchMethodError'{0x0000000713cb7208}: 'void java.lang.invoke.DirectMethodHandle$Holder.invokeStatic(java.lang.Object, java.lang.Object)'> (0x0000000713cb7208) 
thrown [s\open\src\hotspot\share\interpreter\linkResolver.cpp, line 759]
Event: 1.153 Thread 0x0000022a8a339690 Exception <a 'java/lang/NoSuchMethodError'{0x00000007132ccaf0}: 'java.lang.Object java.lang.invoke.DirectMethodHandle$Holder.invokeStaticInit(java.lang.Object, int)'> (0x00000007132ccaf0) 
thrown [s\open\src\hotspot\share\interpreter\linkResolver.cpp, line 759]
Event: 1.182 Thread 0x0000022a8a339690 Exception <a 'java/lang/NoSuchMethodError'{0x00000007133d0c58}: 'java.lang.Object java.lang.invoke.DirectMethodHandle$Holder.invokeInterface(java.lang.Object, java.lang.Object)'> (0x00000007133d0c58) 
thrown [s\open\src\hotspot\share\interpreter\linkResolver.cpp, line 759]
Event: 2.232 Thread 0x0000022a8a339690 Exception <a 'java/lang/NoSuchMethodError'{0x00000007130fc060}: 'void java.lang.invoke.DirectMethodHandle$Holder.invokeStatic(java.lang.Object, java.lang.Object, java.lang.Object)'> (0x00000007130fc060) 
thrown [s\open\src\hotspot\share\interpreter\linkResolver.cpp, line 759]
Event: 2.234 Thread 0x0000022aad9c6790 Exception <a 'java/lang/NoSuchMethodError'{0x00000007130c8328}: 'int java.lang.invoke.DirectMethodHandle$Holder.invokeInterface(java.lang.Object, java.lang.Object)'> (0x00000007130c8328) 
thrown [s\open\src\hotspot\share\interpreter\linkResolver.cpp, line 759]
Event: 2.234 Thread 0x0000022aad9c6790 Exception <a 'java/lang/IncompatibleClassChangeError'{0x00000007130cb9a8}: Found class java.lang.Object, but interface was expected> (0x00000007130cb9a8) 
thrown [s\open\src\hotspot\share\interpreter\linkResolver.cpp, line 826]
Event: 2.272 Thread 0x0000022a8a339690 Exception <a 'java/lang/NoSuchMethodError'{0x0000000712ec14c8}: 'java.lang.Object java.lang.invoke.DirectMethodHandle$Holder.invokeVirtual(java.lang.Object, java.lang.Object, java.lang.Object)'> (0x0000000712ec14c8) 
thrown [s\open\src\hotspot\share\interpreter\linkResolver.cpp, line 759]
Event: 2.317 Thread 0x0000022a8a339690 Exception <a 'java/lang/NoSuchMethodError'{0x0000000712c64de0}: 'int java.lang.invoke.DirectMethodHandle$Holder.invokeVirtual(java.lang.Object, java.lang.Object)'> (0x0000000712c64de0) 
thrown [s\open\src\hotspot\share\interpreter\linkResolver.cpp, line 759]
Event: 2.327 Thread 0x0000022aad9c6790 Exception <a 'java/lang/NoSuchMethodError'{0x0000000712cd0258}: 'int java.lang.invoke.DirectMethodHandle$Holder.invokeSpecial(java.lang.Object, java.lang.Object, java.lang.Object)'> (0x0000000712cd0258) 
thrown [s\open\src\hotspot\share\interpreter\linkResolver.cpp, line 759]
Event: 2.344 Thread 0x0000022a8a339690 Exception <a 'java/lang/NoSuchMethodError'{0x0000000712a1d7e0}: 'int java.lang.invoke.DirectMethodHandle$Holder.invokeSpecialIFC(java.lang.Object, java.lang.Object, java.lang.Object, java.lang.Object)'> (0x0000000712a1d7e0) 
thrown [s\open\src\hotspot\share\interpreter\linkResolver.cpp, line 759]
Event: 2.367 Thread 0x0000022a8a339690 Exception <a 'java/lang/NoSuchMethodError'{0x0000000712ae27b0}: 'void java.lang.invoke.DirectMethodHandle$Holder.invokeInterface(java.lang.Object, java.lang.Object)'> (0x0000000712ae27b0) 
thrown [s\open\src\hotspot\share\interpreter\linkResolver.cpp, line 759]
Event: 2.367 Thread 0x0000022a8a339690 Exception <a 'java/lang/IncompatibleClassChangeError'{0x0000000712b59e98}: Found class java.lang.Object, but interface was expected> (0x0000000712b59e98) 
thrown [s\open\src\hotspot\share\interpreter\linkResolver.cpp, line 826]
Event: 3.421 Thread 0x0000022a8a339690 Exception <a 'java/lang/NoSuchMethodError'{0x0000000713e98d18}: 'java.lang.Object java.lang.invoke.DirectMethodHandle$Holder.invokeStaticInit(java.lang.Object, java.lang.Object, java.lang.Object)'> (0x0000000713e98d18) 
thrown [s\open\src\hotspot\share\interpreter\linkResolver.cpp, line 759]
Event: 3.428 Thread 0x0000022a8a339690 Exception <a 'java/lang/NoSuchMethodError'{0x0000000713ea4a20}: 'void java.lang.invoke.DirectMethodHandle$Holder.invokeStaticInit(java.lang.Object, java.lang.Object, java.lang.Object)'> (0x0000000713ea4a20) 
thrown [s\open\src\hotspot\share\interpreter\linkResolver.cpp, line 759]
Event: 3.445 Thread 0x0000022a8a339690 Exception <a 'java/lang/NoSuchMethodError'{0x0000000713fa4e88}: 'java.lang.Object java.lang.invoke.DirectMethodHandle$Holder.newInvokeSpecial(java.lang.Object, java.lang.Object, java.lang.Object, java.lang.Object, java.lang.Object)'> (0x0000000713fa4e88) 
thrown [s\open\src\hotspot\share\interpreter\linkResolver.cpp, line 759]
Event: 4.527 Thread 0x0000022aad9c6790 Exception <a 'java/lang/NoSuchMethodError'{0x0000000713b8f550}: 'java.lang.Object java.lang.invoke.DirectMethodHandle$Holder.invokeStaticInit(java.lang.Object, int, int, int, int)'> (0x0000000713b8f550) 
thrown [s\open\src\hotspot\share\interpreter\linkResolver.cpp, line 759]

VM Operations (20 events):
Event: 2.242 Executing VM operation: HandshakeAllThreads done
Event: 2.280 Executing VM operation: HandshakeAllThreads
Event: 2.280 Executing VM operation: HandshakeAllThreads done
Event: 2.377 Executing VM operation: G1CollectForAllocation
Event: 2.384 Executing VM operation: G1CollectForAllocation done
Event: 3.389 Executing VM operation: Cleanup
Event: 3.421 Executing VM operation: Cleanup done
Event: 3.427 Executing VM operation: HandshakeAllThreads
Event: 3.428 Executing VM operation: HandshakeAllThreads done
Event: 3.428 Executing VM operation: HandshakeAllThreads
Event: 3.428 Executing VM operation: HandshakeAllThreads done
Event: 3.432 Executing VM operation: HandshakeAllThreads
Event: 3.432 Executing VM operation: HandshakeAllThreads done
Event: 4.446 Executing VM operation: Cleanup
Event: 4.477 Executing VM operation: Cleanup done
Event: 4.499 Executing VM operation: HandshakeAllThreads
Event: 4.499 Executing VM operation: HandshakeAllThreads done
Event: 4.510 Executing VM operation: HandshakeAllThreads
Event: 4.510 Executing VM operation: HandshakeAllThreads done
Event: 5.520 Executing VM operation: Cleanup

Events (20 events):
Event: 4.533 loading class sun/security/util/MessageDigestSpi2 done
Event: 4.533 loading class java/security/MessageDigest$Delegate done
Event: 4.533 loading class org/springframework/context/ResourceLoaderAware
Event: 4.533 loading class org/springframework/context/ResourceLoaderAware done
Event: 4.533 loading class java/security/MessageDigest$Delegate$CloneableDelegate
Event: 4.533 loading class java/security/MessageDigest$Delegate$CloneableDelegate done
Event: 4.533 loading class sun/security/provider/SeedGenerator$1
Event: 4.533 loading class sun/security/provider/SeedGenerator$1 done
Event: 4.533 loading class org/springframework/beans/factory/BeanFactoryAware
Event: 4.533 loading class org/springframework/beans/factory/BeanFactoryAware done
Event: 4.533 loading class sun/security/provider/ByteArrayAccess
Event: 4.533 loading class sun/security/provider/ByteArrayAccess done
Event: 4.533 loading class org/springframework/context/EnvironmentAware
Event: 4.533 loading class org/springframework/context/EnvironmentAware done
Event: 4.533 loading class sun/security/provider/ByteArrayAccess$BE
Event: 4.533 loading class sun/security/provider/ByteArrayAccess$BE done
Event: 4.533 loading class java/lang/invoke/VarHandleByteArrayAsInts$ArrayHandle
Event: 4.534 loading class org/springframework/core/Ordered
Event: 4.534 loading class org/springframework/core/Ordered done
Event: 4.534 loading class java/lang/invoke/VarHandleByteArrayAsInts$ByteArrayViewVarHandle


Dynamic libraries:
0x00007ff733e20000 - 0x00007ff733e30000 	C:\Program Files\Java\jdk-17\bin\java.exe
0x00007ffe7c5a0000 - 0x00007ffe7c807000 	C:\WINDOWS\SYSTEM32\ntdll.dll
0x00007ffe7acd0000 - 0x00007ffe7ad99000 	C:\WINDOWS\System32\KERNEL32.DLL
0x00007ffe79850000 - 0x00007ffe79c3f000 	C:\WINDOWS\System32\KERNELBASE.dll
0x00007ffe7a0c0000 - 0x00007ffe7a20b000 	C:\WINDOWS\System32\ucrtbase.dll
0x00007ffe4bd80000 - 0x00007ffe4bd99000 	C:\Program Files\Java\jdk-17\bin\jli.dll
0x00007ffe675e0000 - 0x00007ffe675fb000 	C:\Program Files\Java\jdk-17\bin\VCRUNTIME140.dll
0x00007ffe7abb0000 - 0x00007ffe7ac64000 	C:\WINDOWS\System32\ADVAPI32.dll
0x00007ffe7ada0000 - 0x00007ffe7ae49000 	C:\WINDOWS\System32\msvcrt.dll
0x00007ffe7c4b0000 - 0x00007ffe7c556000 	C:\WINDOWS\System32\sechost.dll
0x00007ffe7b8d0000 - 0x00007ffe7b9e8000 	C:\WINDOWS\System32\RPCRT4.dll
0x00007ffe7b510000 - 0x00007ffe7b6d5000 	C:\WINDOWS\System32\USER32.dll
0x00007ffe79c50000 - 0x00007ffe79c77000 	C:\WINDOWS\System32\win32u.dll
0x00007ffe66cd0000 - 0x00007ffe66f63000 	C:\WINDOWS\WinSxS\amd64_microsoft.windows.common-controls_6595b64144ccf1df_6.0.26100.7309_none_3e05feeae336a044\COMCTL32.dll
0x00007ffe7b6e0000 - 0x00007ffe7b70b000 	C:\WINDOWS\System32\GDI32.dll
0x00007ffe7a210000 - 0x00007ffe7a33c000 	C:\WINDOWS\System32\gdi32full.dll
0x00007ffe797a0000 - 0x00007ffe79843000 	C:\WINDOWS\System32\msvcp_win.dll
0x00007ffe6f290000 - 0x00007ffe6f29b000 	C:\WINDOWS\SYSTEM32\VERSION.dll
0x00007ffe7c200000 - 0x00007ffe7c231000 	C:\WINDOWS\System32\IMM32.DLL
0x00007ffe67550000 - 0x00007ffe6755c000 	C:\Program Files\Java\jdk-17\bin\vcruntime140_1.dll
0x00007ffe28340000 - 0x00007ffe283ce000 	C:\Program Files\Java\jdk-17\bin\msvcp140.dll
0x00007ffde7b00000 - 0x00007ffde86de000 	C:\Program Files\Java\jdk-17\bin\server\jvm.dll
0x00007ffe7acc0000 - 0x00007ffe7acc8000 	C:\WINDOWS\System32\PSAPI.DLL
0x00007ffe6c990000 - 0x00007ffe6c9c5000 	C:\WINDOWS\SYSTEM32\WINMM.dll
0x00007ffe549b0000 - 0x00007ffe549ba000 	C:\WINDOWS\SYSTEM32\WSOCK32.dll
0x00007ffe7b0c0000 - 0x00007ffe7b134000 	C:\WINDOWS\System32\WS2_32.dll
0x00007ffe78460000 - 0x00007ffe7847b000 	C:\WINDOWS\SYSTEM32\kernel.appcore.dll
0x00007ffe67310000 - 0x00007ffe6731a000 	C:\Program Files\Java\jdk-17\bin\jimage.dll
0x00007ffe76900000 - 0x00007ffe76b42000 	C:\WINDOWS\SYSTEM32\DBGHELP.DLL
0x00007ffe7b140000 - 0x00007ffe7b4c6000 	C:\WINDOWS\System32\combase.dll
0x00007ffe7a340000 - 0x00007ffe7a416000 	C:\WINDOWS\System32\OLEAUT32.dll
0x00007ffe6c950000 - 0x00007ffe6c98c000 	C:\WINDOWS\SYSTEM32\dbgcore.DLL
0x00007ffe796f0000 - 0x00007ffe79795000 	C:\WINDOWS\System32\bcryptPrimitives.dll
0x00007ffe56ac0000 - 0x00007ffe56ace000 	C:\Program Files\Java\jdk-17\bin\instrument.dll
0x00007ffe33860000 - 0x00007ffe33885000 	C:\Program Files\Java\jdk-17\bin\java.dll
0x00007ffe4a3c0000 - 0x00007ffe4a3d8000 	C:\Program Files\Java\jdk-17\bin\zip.dll
0x00007ffe11b00000 - 0x00007ffe11bd7000 	C:\Program Files\Java\jdk-17\bin\jsvml.dll
0x00007ffe7baa0000 - 0x00007ffe7c1f3000 	C:\WINDOWS\System32\SHELL32.dll
0x00007ffe79e00000 - 0x00007ffe79f6a000 	C:\WINDOWS\System32\wintypes.dll
0x00007ffe772b0000 - 0x00007ffe77b0e000 	C:\WINDOWS\SYSTEM32\windows.storage.dll
0x00007ffe7c3b0000 - 0x00007ffe7c4a5000 	C:\WINDOWS\System32\SHCORE.dll
0x00007ffe7a420000 - 0x00007ffe7a486000 	C:\WINDOWS\System32\shlwapi.dll
0x00007ffe79610000 - 0x00007ffe79639000 	C:\WINDOWS\SYSTEM32\profapi.dll
0x00007ffe4abf0000 - 0x00007ffe4ac09000 	C:\Program Files\Java\jdk-17\bin\net.dll
0x00007ffe70880000 - 0x00007ffe709a8000 	C:\WINDOWS\SYSTEM32\WINHTTP.dll
0x00007ffe789b0000 - 0x00007ffe78a1b000 	C:\WINDOWS\system32\mswsock.dll
0x00007ffe4a740000 - 0x00007ffe4a756000 	C:\Program Files\Java\jdk-17\bin\nio.dll
0x00007ffe6f7d0000 - 0x00007ffe6f7ea000 	C:\Users\Admin\AppData\Local\Programs\IntelliJ IDEA Ultimate\bin\breakgen64.dll
0x00007ffe77f40000 - 0x00007ffe7806c000 	C:\WINDOWS\SYSTEM32\DNSAPI.dll
0x00007ffe77ea0000 - 0x00007ffe77ed4000 	C:\WINDOWS\SYSTEM32\IPHLPAPI.DLL
0x00007ffe7ba10000 - 0x00007ffe7ba1a000 	C:\WINDOWS\System32\NSI.dll
0x00007ffe705a0000 - 0x00007ffe705ab000 	C:\Windows\System32\rasadhlp.dll
0x00007ffe70e00000 - 0x00007ffe70e86000 	C:\WINDOWS\System32\fwpuclnt.dll
0x00007ffe57840000 - 0x00007ffe5784a000 	C:\Program Files\Java\jdk-17\bin\management.dll
0x00007ffe56bc0000 - 0x00007ffe56bcb000 	C:\Program Files\Java\jdk-17\bin\management_ext.dll
0x00007ffe78da0000 - 0x00007ffe78dbb000 	C:\WINDOWS\SYSTEM32\CRYPTSP.dll
0x00007ffe783c0000 - 0x00007ffe783fa000 	C:\WINDOWS\system32\rsaenh.dll
0x00007ffe78a60000 - 0x00007ffe78a8b000 	C:\WINDOWS\SYSTEM32\USERENV.dll
0x00007ffe795e0000 - 0x00007ffe7960a000 	C:\WINDOWS\SYSTEM32\bcrypt.dll
0x00007ffe78c00000 - 0x00007ffe78c0c000 	C:\WINDOWS\SYSTEM32\CRYPTBASE.dll
0x00007ffe70c10000 - 0x00007ffe70c2e000 	C:\WINDOWS\SYSTEM32\dhcpcsvc6.DLL
0x00007ffe70b60000 - 0x00007ffe70b83000 	C:\WINDOWS\SYSTEM32\dhcpcsvc.DLL

dbghelp: loaded successfully - version: 4.0.5 - missing functions: none
symbol engine: initialized successfully - sym options: 0x614 - pdb path: .;C:\Program Files\Java\jdk-17\bin;C:\WINDOWS\SYSTEM32;C:\WINDOWS\WinSxS\amd64_microsoft.windows.common-controls_6595b64144ccf1df_6.0.26100.7309_none_3e05feeae336a044;C:\Program Files\Java\jdk-17\bin\server;C:\Users\Admin\AppData\Local\Programs\IntelliJ IDEA Ultimate\bin

VM Arguments:
jvm_args: -ea -Didea.test.cyclic.buffer.size=1048576 -javaagent:C:\Users\Admin\AppData\Local\Programs\IntelliJ IDEA Ultimate\lib\idea_rt.jar=58813:C:\Users\Admin\AppData\Local\Programs\IntelliJ IDEA Ultimate\bin -javaagent:C:\Users\Admin\AppData\Local\JetBrains\IntelliJIdea2024.3\captureAgent\debugger-agent.jar -Dkotlinx.coroutines.debug.enable.creation.stack.trace=false -Ddebugger.agent.enable.coroutines=true -Dkotlinx.coroutines.debug.enable.flows.stack.trace=true -Dkotlinx.coroutines.debug.enable.mutable.state.flows.stack.trace=true -Dfile.encoding=UTF-8 
java_command: com.intellij.rt.junit.JUnitStarter -ideVersion5 -junit5 com.micheal.product_service.ProductServiceApplicationTests
java_class_path (initial): C:\Users\Admin\.m2\repository\org\junit\platform\junit-platform-launcher\1.12.2\junit-platform-launcher-1.12.2.jar;C:\Users\Admin\AppData\Local\Programs\IntelliJ IDEA Ultimate\lib\idea_rt.jar;C:\Users\Admin\AppData\Local\Programs\IntelliJ IDEA Ultimate\plugins\junit\lib\junit5-rt.jar;C:\Users\Admin\AppData\Local\Programs\IntelliJ IDEA Ultimate\plugins\junit\lib\junit-rt.jar;D:\Pet Project\MicroserviceProject\product-service\target\test-classes;D:\Pet Project\MicroserviceProject\product-service\target\classes;C:\Users\Admin\.m2\repository\org\springframework\boot\spring-boot-starter-data-mongodb\3.5.10\spring-boot-starter-data-mongodb-3.5.10.jar;C:\Users\Admin\.m2\repository\org\springframework\boot\spring-boot-starter\3.5.10\spring-boot-starter-3.5.10.jar;C:\Users\Admin\.m2\repository\org\springframework\boot\spring-boot\3.5.10\spring-boot-3.5.10.jar;C:\Users\Admin\.m2\repository\org\springframework\boot\spring-boot-autoconfigure\3.5.10\spring-boot-autoconfigure-3.5.10.jar;C:\Users\Admin\.m2\repository\org\springframework\boot\spring-boot-starter-logging\3.5.10\spring-boot-starter-logging-3.5.10.jar;C:\Users\Admin\.m2\repository\ch\qos\logback\logback-classic\1.5.25\logback-classic-1.5.25.jar;C:\Users\Admin\.m2\repository\ch\qos\logback\logback-core\1.5.25\logback-core-1.5.25.jar;C:\Users\Admin\.m2\repository\org\apache\logging\log4j\log4j-to-slf4j\2.24.3\log4j-to-slf4j-2.24.3.jar;C:\Users\Admin\.m2\repository\org\apache\logging\log4j\log4j-api\2.24.3\log4j-api-2.24.3.jar;C:\Users\Admin\.m2\repository\org\slf4j\jul-to-slf4j\2.0.17\jul-to-slf4j-2.0.17.jar;C:\Users\Admin\.m2\repository\jakarta\annotation\jakarta.annotation-api\2.1.1\jakarta.annotation-api-2.1.1.jar;C:\Users\Admin\.m2\repository\org\yaml\snakeyaml\2.4\snakeyaml-2.4.jar;C:\Users\Admin\.m2\repository\org\mongodb\mongodb-driver-sync\5.5.2\mongodb-driver-sync-5.5.2.jar;C:\Users\Admin\.m2\repository\org\mongodb\bson\5.5.2\bson-5.5.2.jar;C:\Users\Admin\.m2\repository\org\mongodb\
Launcher Type: SUN_STANDARD

[Global flags]
     intx CICompilerCount                          = 12                                        {product} {ergonomic}
     uint ConcGCThreads                            = 3                                         {product} {ergonomic}
     uint G1ConcRefinementThreads                  = 13                                        {product} {ergonomic}
   size_t G1HeapRegionSize                         = 2097152                                   {product} {ergonomic}
    uintx GCDrainStackTargetSize                   = 64                                        {product} {ergonomic}
   size_t InitialHeapSize                          = 264241152                                 {product} {ergonomic}
   size_t MarkStackSize                            = 4194304                                   {product} {ergonomic}
   size_t MaxHeapSize                              = 4223664128                                {product} {ergonomic}
   size_t MaxNewSize                               = 2533359616                                {product} {ergonomic}
   size_t MinHeapDeltaBytes                        = 2097152                                   {product} {ergonomic}
   size_t MinHeapSize                              = 8388608                                   {product} {ergonomic}
    uintx NonNMethodCodeHeapSize                   = 7602480                                {pd product} {ergonomic}
    uintx NonProfiledCodeHeapSize                  = 122027880                              {pd product} {ergonomic}
    uintx ProfiledCodeHeapSize                     = 122027880                              {pd product} {ergonomic}
    uintx ReservedCodeCacheSize                    = 251658240                              {pd product} {ergonomic}
     bool SegmentedCodeCache                       = true                                      {product} {ergonomic}
   size_t SoftMaxHeapSize                          = 4223664128                             {manageable} {ergonomic}
     bool UseCompressedClassPointers               = true                           {product lp64_product} {ergonomic}
     bool UseCompressedOops                        = true                           {product lp64_product} {ergonomic}
     bool UseG1GC                                  = true                                      {product} {ergonomic}
     bool UseLargePagesIndividualAllocation        = false                                  {pd product} {ergonomic}

Logging:
Log output configuration:
 #0: stdout all=warning uptime,level,tags
 #1: stderr all=off uptime,level,tags

Environment Variables:
JAVA_HOME=C:\Program Files\Java\jdk-21.0.2
CLASSPATH=.;C:\Program Files\Java\jdk1.8.0_202\lib;C:\Program Files\Java\jdk1.8.0_202\jre\lib;
PATH=c:\Users\Admin\AppData\Local\Programs\cursor\resources\app\bin;D:\Java\jdk-17\bin;C:\Python312\Scripts\;C:\Python312\;C:\Program Files\Common Files\Oracle\Java\javapath;C:\Program Files (x86)\Common Files\Oracle\Java\java8path;C:\Program Files (x86)\Common Files\Oracle\Java\javapath;C:\WINDOWS\system32;C:\WINDOWS;C:\WINDOWS\System32\Wbem;C:\WINDOWS\System32\WindowsPowerShell\v1.0\;C:\WINDOWS\System32\OpenSSH\;C:\Program Files (x86)\Microsoft SQL Server\160\Tools\Binn\;C:\Program Files\Microsoft SQL Server\160\Tools\Binn\;C:\Program Files\Microsoft SQL Server\Client SDK\ODBC\170\Tools\Binn\;C:\Program Files\Microsoft SQL Server\160\DTS\Binn\;C:\Program Files\Java\jdk1.8.0_202\bin;C:\ProgramData\chocolatey\bin;C:\Program Files\Git\cmd;C:\Program Files\Git\bin\;D:\Java\apache-maven-3.9.6\bin;C:\Program Files\dotnet\;C:\Program Files\GitHub CLI\;C:\Program Files\Stripe;C:\Program Files\Redis\;C:\Program Files\Gradle;C:\Program Files\PostgreSQL\17\bin;C:\Program Files\Docker\Docker\resources\bin;C:\Program Files\;C:\Users\Admin\AppData\Local\Android\Sdk\platform-tools;C:\Users\Admin\AppData\Local\Android\Sdk\tools;C:\Users\Admin\AppData\Local\Android\Sdk\platform-tools;C:\Program Files\Java\jdk-21.0.2\bin;C:\WINDOWS\system32;C:\WINDOWS;C:\WINDOWS\System32\Wbem;C:\WINDOWS\System32\WindowsPowerShell\v1.0\;C:\WINDOWS\System32\OpenSSH\;C:\Program Files\Go\bin;C:\Program Files\apache-maven-3.9.12\bin;C:\Users\Admin\AppData\Local\Microsoft\WindowsApps;C:\Program Files\Azure Data Studio\bin;C:\Users\Admin\AppData\Local\Programs\Microsoft VS Code\bin;C:\Users\Admin\AppData\Roaming\npm;C:\dev\flutter\bin;C:\Users\Admin\.dotnet\tools;C:\Users\Admin\AppData\Local\Programs\Azure Dev CLI\;C:\Users\Admin\AppData\Roaming\nvm;C:\Program Files\nodejs;C:\Users\Admin\.lmstudio\bin;C:\Users\Admin\AppData\Local\JetBrains\Toolbox\scripts;;C:\Users\Admin\AppData\Local\Microsoft\WindowsApps;C:\Users\Admin\go\bin;C:\Users\Admin\AppData\Local\Python\bin
USERNAME=Admin
OS=Windows_NT
PROCESSOR_IDENTIFIER=Intel64 Family 6 Model 141 Stepping 1, GenuineIntel



---------------  S Y S T E M  ---------------

OS:
 Windows 11 , 64 bit Build 26100 (10.0.26100.7623)
OS uptime: 6 days 10:01 hours
Hyper-V role detected

CPU: total 16 (initial active 16) (8 cores per cpu, 2 threads per core) family 6 model 141 stepping 1 microcode 0x46, cx8, cmov, fxsr, ht, mmx, 3dnowpref, sse, sse2, sse3, ssse3, sse4.1, sse4.2, popcnt, lzcnt, tsc, tscinvbit, avx, avx2, aes, erms, clmul, bmi1, bmi2, adx, avx512f, avx512dq, avx512cd, avx512bw, avx512vl, sha, fma, vzeroupper, avx512_vpopcntdq, avx512_vpclmulqdq, avx512_vaes, avx512_vnni, clflush, clflushopt, clwb, avx512_vbmi2, avx512_vbmi, hv

Memory: 4k page, system-wide physical 16107M (1648M free)
TotalPageFile size 24299M (AvailPageFile size 16M)
current process WorkingSet (physical memory assigned to process): 114M, peak: 116M
current process commit charge ("private bytes"): 393M, peak: 395M

vm_info: Java HotSpot(TM) 64-Bit Server VM (17.0.8+9-LTS-211) for windows-amd64 JRE (17.0.8+9-LTS-211), built on Jun 14 2023 10:34:31 by "mach5one" with MS VC++ 17.1 (VS2022)

END.
